Arguments: 
  C:\Program Files\nodejs\node.exe C:\Users\HelenXu\AppData\Roaming\npm\node_modules\yarn\bin\yarn.js add react-router-dom@4.2.2

PATH: 
  C:\Program Files (x86)\Intel\iCLS Client\;C:\Program Files\Intel\iCLS Client\;C:\ProgramData\Oracle\Java\javapath;C:\WINDOWS\system32;C:\WINDOWS;C:\WINDOWS\System32\Wbem;C:\WINDOWS\System32\WindowsPowerShell\v1.0\;C:\Program Files (x86)\Windows Kits\8.1\Windows Performance Toolkit\;C:\Program Files\Microsoft SQL Server\110\Tools\Binn\;c:\Program Files (x86)\Microsoft SQL Server\110\Tools\Binn\;c:\Program Files\Microsoft SQL Server\110\DTS\Binn\;c:\Program Files (x86)\Microsoft SQL Server\110\Tools\Binn\ManagementStudio\;c:\Program Files (x86)\Microsoft SQL Server\110\DTS\Binn\;C:\Program Files (x86)\Microsoft SDKs\TypeScript\1.4\;C:\Program Files\MongoDB\Server\3.2\bin;C:\Program Files\Microsoft SQL Server\120\Tools\Binn\;C:\Program Files (x86)\Microsoft SDKs\TypeScript\1.0\;C:\Program Files (x86)\GtkSharp\2.12\bin;C:\Program Files\Microsoft SQL Server\130\Tools\Binn\;C:\Program Files (x86)\Microsoft SQL Server\Client SDK\ODBC\130\Tools\Binn\;C:\Program Files (x86)\Microsoft SQL Server\140\Tools\Binn\;C:\Program Files (x86)\Microsoft SQL Server\140\DTS\Binn\;C:\Program Files (x86)\Microsoft SQL Server\140\Tools\Binn\ManagementStudio\;C:\Program Files\TortoiseGit\bin;C:\Program Files\nodejs\;C:\Program Files\Microsoft VS Code\bin;C:\Program Files (x86)\GitExtensions\;C:\Program Files\Git\cmd;C:\Program Files\Microsoft\Web Platform Installer\;C:\Users\HelenXu\AppData\Roaming\npm\vue.cmd;C:\Users\HelenXu\AppData\Roaming\npm;C:\Program Files\MongoDB\Server\3.4\bin;C:\Windows\System32;C:\Program Files\Redis;C:\Users\HelenXu\AppData\Local\Microsoft\WindowsApps;C:\Users\HelenXu\AppData\Local\Programs\Fiddler;C:\Users\HelenXu\AppData\Roaming\npm\vue.cmd;C:\Users\HelenXu\AppData\Roaming\npm

Yarn version: 
  1.16.0

Node version: 
  8.11.1

Platform: 
  win32 x64

Trace: 
  Error: EPERM: operation not permitted, unlink 'C:\0Helen\projects\react-project\manage\node_modules\node-sass\vendor\win32-x64-57\binding.node'

npm manifest: 
  {
    "name": "react-manage",
    "version": "1.0.0",
    "main": "index.js",
    "license": "MIT",
    "scripts": {
      "test": "echo \"Error: no test specified\" && exit 1",
      "dev": "node_modules/.bin/webpack-dev-server",
      "dist": "node_modules/.bin/webpack -p"
    },
    "repository": {
      "type": "git",
      "url": "git+https://github.com/yuzhixi/manage.git"
    },
    "author": "",
    "bugs": {
      "url": "https://github.com/yuzhixi/manage/issues"
    },
    "homepage": "https://github.com/yuzhixi/manage#readme",
    "description": "",
    "devDependencies": {
      "babel-core": "^6.26.0",
      "babel-loader": "^7.1.2",
      "babel-preset-env": "^1.6.1",
      "babel-preset-react": "^6.24.1",
      "css-loader": "^0.28.8",
      "extract-text-webpack-plugin": "^3.0.2",
      "file-loader": "^1.1.6",
      "html-webpack-plugin": "^3.2.0",
      "node-sass": "^4.12.0",
      "sass-loader": "^6.0.6",
      "style-loader": "^0.19.1",
      "url-loader": "^0.6.2",
      "webpack": "^3.10.0",
      "webpack-dev-server": "^2.9.7"
    },
    "dependencies": {
      "font-awesome": "^4.7.0",
      "react": "^16.2.0",
      "react-dom": "^16.2.0"
    }
  }

yarn manifest: 
  No manifest

Lockfile: 
  No lockfile
